-------------------------------------------------------------------------------
Test set: ListOrderTest
-------------------------------------------------------------------------------
Tests run: 1, Failures: 1, Errors: 0, Skipped: 0, Time elapsed: 0.455 s <<< FAILURE! - in ListOrderTest
checkBody(ListOrderTest)  Time elapsed: 0.454 s  <<< FAILURE!
java.lang.AssertionError: 
1 expectation failed.
Expected status code <200> but was <500>.

	at ListOrderTest.checkBody(ListOrderTest.java:10)

