<?xml version="1.0" encoding="UTF-8"?>
<testsuite xmlns:xsi="http://www.w3.org/2001/XMLSchema-instance" xsi:noNamespaceSchemaLocation="https://maven.apache.org/surefire/maven-surefire-plugin/xsd/surefire-test-report.xsd" name="CreateOrderTest" time="2.478" tests="4" errors="0" skipped="0" failures="4">
  <properties>
[...]
</properties>
  <testcase name="createTest[scooters color]" classname="CreateOrderTest" time="0.638">
    <failure message="1 expectation failed.&#10;Expected status code &lt;201&gt; but was &lt;500&gt;.&#10;" type="java.lang.AssertionError"><![CDATA[java.lang.AssertionError: 
1 expectation failed.
Expected status code <201> but was <500>.

	at CreateOrderTest.createTest(CreateOrderTest.java:38)
]]></failure>
    <system-out><![CDATA[Request method:	POST
Request URI:	http://qa-scooter.praktikum-services.ru/api/v1/orders
Proxy:			<none>
Request params:	<none>
Query params:	<none>
Form params:	<none>
Path params:	<none>
Headers:		Accept=*/*
				Content-Type=application/json
Cookies:		<none>
Multiparts:		<none>
Body:
{
    "rentTime": 0,
    "color": [
        "BLACK"
    ]
}
HTTP/1.1 500 Internal Server Error
Access-Control-Allow-Origin: *
Content-Length: 82
Content-Type: application/json; charset=utf-8
Date: Thu, 13 Apr 2023 10:14:05 GMT
ETag: W/"52-Ot4mOL+1n3RMbQR8FAZ+WBfb/rQ"
Set-Cookie: _yasc=ebdk0gjFKe7h0rP0fx27o7gwsM/lElNVcq/9vXxSmMIAZWFwaFq08PAlruHr; domain=.praktikum-services.ru; path=/; expires=Sun, 10-Apr-2033 10:14:05 GMT; secure
X-Powered-By: Express
X-Request-Id: 1681380845636152-9363205950304046789

{
    "code": 500,
    "message": "connect ETIMEDOUT 2a02:6b8:c1e:1822:0:1589:159d:b67c:6432"
}
Request method:	PUT
Request URI:	http://qa-scooter.praktikum-services.ru/api/v1/orders/cancel
Proxy:			<none>
Request params:	<none>
Query params:	<none>
Form params:	<none>
Path params:	<none>
Headers:		Accept=*/*
				Content-Type=application/json
Cookies:		<none>
Multiparts:		<none>
Body:
]]></system-out>
  </testcase>
  <testcase name="createTest[scooters color]" classname="CreateOrderTest" time="0.647">
    <failure message="1 expectation failed.&#10;Expected status code &lt;201&gt; but was &lt;500&gt;.&#10;" type="java.lang.AssertionError"><![CDATA[java.lang.AssertionError: 
1 expectation failed.
Expected status code <201> but was <500>.

	at CreateOrderTest.createTest(CreateOrderTest.java:38)
]]></failure>
    <system-out><![CDATA[Request method:	POST
Request URI:	http://qa-scooter.praktikum-services.ru/api/v1/orders
Proxy:			<none>
Request params:	<none>
Query params:	<none>
Form params:	<none>
Path params:	<none>
Headers:		Accept=*/*
				Content-Type=application/json
Cookies:		<none>
Multiparts:		<none>
Body:
{
    "rentTime": 0,
    "color": [
        "GRAY"
    ]
}
HTTP/1.1 500 Internal Server Error
Access-Control-Allow-Origin: *
Content-Length: 82
Content-Type: application/json; charset=utf-8
Date: Thu, 13 Apr 2023 10:14:06 GMT
ETag: W/"52-Ot4mOL+1n3RMbQR8FAZ+WBfb/rQ"
Set-Cookie: _yasc=FFuPYtLxzCvQb9yk3SPVs7QalWoKNwm9pVO5bd4FOBlIg+dT/KYIq2B1vsAe; domain=.praktikum-services.ru; path=/; expires=Sun, 10-Apr-2033 10:14:06 GMT; secure
X-Powered-By: Express
X-Request-Id: 1681380846120816-3894032366165098524

{
    "code": 500,
    "message": "connect ETIMEDOUT 2a02:6b8:c1e:1822:0:1589:159d:b67c:6432"
}
Request method:	PUT
Request URI:	http://qa-scooter.praktikum-services.ru/api/v1/orders/cancel
Proxy:			<none>
Request params:	<none>
Query params:	<none>
Form params:	<none>
Path params:	<none>
Headers:		Accept=*/*
				Content-Type=application/json
Cookies:		<none>
Multiparts:		<none>
Body:
]]></system-out>
  </testcase>
  <testcase name="createTest[scooters color]" classname="CreateOrderTest" time="0.654">
    <failure message="1 expectation failed.&#10;Expected status code &lt;201&gt; but was &lt;500&gt;.&#10;" type="java.lang.AssertionError"><![CDATA[java.lang.AssertionError: 
1 expectation failed.
Expected status code <201> but was <500>.

	at CreateOrderTest.createTest(CreateOrderTest.java:38)
]]></failure>
    <system-out><![CDATA[Request method:	POST
Request URI:	http://qa-scooter.praktikum-services.ru/api/v1/orders
Proxy:			<none>
Request params:	<none>
Query params:	<none>
Form params:	<none>
Path params:	<none>
Headers:		Accept=*/*
				Content-Type=application/json
Cookies:		<none>
Multiparts:		<none>
Body:
{
    "rentTime": 0,
    "color": [
        "BLACK",
        "GRAY"
    ]
}
HTTP/1.1 500 Internal Server Error
Access-Control-Allow-Origin: *
Content-Length: 82
Content-Type: application/json; charset=utf-8
Date: Thu, 13 Apr 2023 10:14:07 GMT
ETag: W/"52-Ot4mOL+1n3RMbQR8FAZ+WBfb/rQ"
Set-Cookie: _yasc=FrDnFQwe3C5fkQAE4/QEIb0PaMSsxY/xLW1PDgosLyhh2uADxGTcLJJ166w=; domain=.praktikum-services.ru; path=/; expires=Sun, 10-Apr-2033 10:14:06 GMT; secure
X-Powered-By: Express
X-Request-Id: 1681380846819971-14004528573960556806

{
    "code": 500,
    "message": "connect ETIMEDOUT 2a02:6b8:c1e:1822:0:1589:159d:b67c:6432"
}
Request method:	PUT
Request URI:	http://qa-scooter.praktikum-services.ru/api/v1/orders/cancel
Proxy:			<none>
Request params:	<none>
Query params:	<none>
Form params:	<none>
Path params:	<none>
Headers:		Accept=*/*
				Content-Type=application/json
Cookies:		<none>
Multiparts:		<none>
Body:
]]></system-out>
  </testcase>
  <testcase name="createTest[scooters color]" classname="CreateOrderTest" time="0.472">
    <failure message="1 expectation failed.&#10;Expected status code &lt;201&gt; but was &lt;500&gt;.&#10;" type="java.lang.AssertionError"><![CDATA[java.lang.AssertionError: 
1 expectation failed.
Expected status code <201> but was <500>.

	at CreateOrderTest.createTest(CreateOrderTest.java:38)
]]></failure>
    <system-out><![CDATA[Request method:	POST
Request URI:	http://qa-scooter.praktikum-services.ru/api/v1/orders
Proxy:			<none>
Request params:	<none>
Query params:	<none>
Form params:	<none>
Path params:	<none>
Headers:		Accept=*/*
				Content-Type=application/json
Cookies:		<none>
Multiparts:		<none>
Body:
{
    "rentTime": 0,
    "color": [
        
    ]
}
HTTP/1.1 500 Internal Server Error
Access-Control-Allow-Origin: *
Content-Length: 82
Content-Type: application/json; charset=utf-8
Date: Thu, 13 Apr 2023 10:14:07 GMT
ETag: W/"52-Ot4mOL+1n3RMbQR8FAZ+WBfb/rQ"
Set-Cookie: _yasc=qOl5bMaNVd86Q4ZJJO17OQT1eqciqqlzRnpFklcuJ+5VJBjsjDPckWKO8wo=; domain=.praktikum-services.ru; path=/; expires=Sun, 10-Apr-2033 10:14:07 GMT; secure
X-Powered-By: Express
X-Request-Id: 1681380847467480-4191327261090142624

{
    "code": 500,
    "message": "connect ETIMEDOUT 2a02:6b8:c1e:1822:0:1589:159d:b67c:6432"
}
Request method:	PUT
Request URI:	http://qa-scooter.praktikum-services.ru/api/v1/orders/cancel
Proxy:			<none>
Request params:	<none>
Query params:	<none>
Form params:	<none>
Path params:	<none>
Headers:		Accept=*/*
				Content-Type=application/json
Cookies:		<none>
Multiparts:		<none>
Body:
]]></system-out>
  </testcase>
</testsuite>